0 info it worked if it ends with ok
1 verbose cli [ '/usr/bin/node', '/usr/bin/npm', 'install' ]
2 info using npm@3.5.2
3 info using node@v8.10.0
4 silly loadCurrentTree Starting
5 silly install loadCurrentTree
6 silly install readLocalPackageData
7 silly install normalizeTree
8 silly loadCurrentTree Finishing
9 silly loadIdealTree Starting
10 silly install loadIdealTree
11 silly cloneCurrentTree Starting
12 silly install cloneCurrentTreeToIdealTree
13 silly cloneCurrentTree Finishing
14 silly loadShrinkwrap Starting
15 silly install loadShrinkwrap
16 silly loadShrinkwrap Finishing
17 silly loadAllDepsIntoIdealTree Starting
18 silly install loadAllDepsIntoIdealTree
19 silly fetchNamedPackageData minimist
20 silly mapToRegistry name minimist
21 silly mapToRegistry using default registry
22 silly mapToRegistry registry https://registry.npmjs.org/
23 silly mapToRegistry uri https://registry.npmjs.org/minimist
24 verbose request uri https://registry.npmjs.org/minimist
25 verbose request no auth needed
26 info attempt registry request try #1 at 2:17:26 PM
27 verbose request id 78d6bb24d3582e0b
28 verbose etag W/"d6fc978f5ecd046c62170e15a5c2a6bd"
29 verbose lastModified Mon, 28 Dec 2020 18:52:29 GMT
30 http request GET https://registry.npmjs.org/minimist
31 http 304 https://registry.npmjs.org/minimist
32 verbose headers { date: 'Mon, 12 Apr 2021 12:17:26 GMT',
32 verbose headers   connection: 'keep-alive',
32 verbose headers   'set-cookie':
32 verbose headers    [ '__cfduid=def80505803de4cd7203785906cea1b0c1618229846; expires=Wed, 12-May-21 12:17:26 GMT; path=/; domain=.npmjs.org; HttpOnly; SameSite=Lax' ],
32 verbose headers   'cf-ray': '63ec643bfa5d3317-CDG',
32 verbose headers   age: '4311',
32 verbose headers   'cache-control': 'public, max-age=300',
32 verbose headers   etag: '"d6fc978f5ecd046c62170e15a5c2a6bd"',
32 verbose headers   'last-modified': 'Mon, 28 Dec 2020 18:52:29 GMT',
32 verbose headers   vary: 'Accept-Encoding',
32 verbose headers   'cf-cache-status': 'HIT',
32 verbose headers   'cf-request-id': '09679cf97a00003317bd39a000000001',
32 verbose headers   'expect-ct': 'max-age=604800, report-uri="https://report-uri.cloudflare.com/cdn-cgi/beacon/expect-ct"',
32 verbose headers   server: 'cloudflare' }
33 silly get cb [ 304,
33 silly get   { date: 'Mon, 12 Apr 2021 12:17:26 GMT',
33 silly get     connection: 'keep-alive',
33 silly get     'set-cookie':
33 silly get      [ '__cfduid=def80505803de4cd7203785906cea1b0c1618229846; expires=Wed, 12-May-21 12:17:26 GMT; path=/; domain=.npmjs.org; HttpOnly; SameSite=Lax' ],
33 silly get     'cf-ray': '63ec643bfa5d3317-CDG',
33 silly get     age: '4311',
33 silly get     'cache-control': 'public, max-age=300',
33 silly get     etag: '"d6fc978f5ecd046c62170e15a5c2a6bd"',
33 silly get     'last-modified': 'Mon, 28 Dec 2020 18:52:29 GMT',
33 silly get     vary: 'Accept-Encoding',
33 silly get     'cf-cache-status': 'HIT',
33 silly get     'cf-request-id': '09679cf97a00003317bd39a000000001',
33 silly get     'expect-ct': 'max-age=604800, report-uri="https://report-uri.cloudflare.com/cdn-cgi/beacon/expect-ct"',
33 silly get     server: 'cloudflare' } ]
34 verbose etag https://registry.npmjs.org/minimist from cache
35 verbose get saving minimist to /home/nga/.npm/registry.npmjs.org/minimist/.cache.json
36 silly resolveWithNewModule minimist@1.2.5 checking installable status
37 silly cache add args [ 'minimist@^1.2.5', null ]
38 verbose cache add spec minimist@^1.2.5
39 silly cache add parsed spec Result {
39 silly cache add   raw: 'minimist@^1.2.5',
39 silly cache add   scope: null,
39 silly cache add   name: 'minimist',
39 silly cache add   rawSpec: '^1.2.5',
39 silly cache add   spec: '>=1.2.5 <2.0.0',
39 silly cache add   type: 'range' }
40 silly addNamed minimist@>=1.2.5 <2.0.0
41 verbose addNamed ">=1.2.5 <2.0.0" is a valid semver range for minimist
42 silly addNameRange { name: 'minimist', range: '>=1.2.5 <2.0.0', hasData: false }
43 silly mapToRegistry name minimist
44 silly mapToRegistry using default registry
45 silly mapToRegistry registry https://registry.npmjs.org/
46 silly mapToRegistry uri https://registry.npmjs.org/minimist
47 verbose addNameRange registry:https://registry.npmjs.org/minimist not in flight; fetching
48 verbose get https://registry.npmjs.org/minimist not expired, no request
49 silly addNameRange number 2 { name: 'minimist', range: '>=1.2.5 <2.0.0', hasData: true }
50 silly addNameRange versions [ 'minimist',
50 silly addNameRange   [ '0.0.0',
50 silly addNameRange     '0.0.1',
50 silly addNameRange     '0.0.2',
50 silly addNameRange     '0.0.3',
50 silly addNameRange     '0.0.4',
50 silly addNameRange     '0.0.5',
50 silly addNameRange     '0.0.6',
50 silly addNameRange     '0.0.7',
50 silly addNameRange     '0.0.8',
50 silly addNameRange     '0.0.9',
50 silly addNameRange     '0.0.10',
50 silly addNameRange     '0.1.0',
50 silly addNameRange     '0.2.0',
50 silly addNameRange     '1.0.0',
50 silly addNameRange     '1.1.0',
50 silly addNameRange     '1.1.1',
50 silly addNameRange     '1.1.2',
50 silly addNameRange     '1.1.3',
50 silly addNameRange     '1.2.0',
50 silly addNameRange     '1.2.1',
50 silly addNameRange     '1.2.2',
50 silly addNameRange     '1.2.3',
50 silly addNameRange     '1.2.4',
50 silly addNameRange     '0.2.1',
50 silly addNameRange     '1.2.5' ] ]
51 silly addNamed minimist@1.2.5
52 verbose addNamed "1.2.5" is a plain semver version for minimist
53 silly cache afterAdd minimist@1.2.5
54 verbose afterAdd /home/nga/.npm/minimist/1.2.5/package/package.json not in flight; writing
55 verbose afterAdd /home/nga/.npm/minimist/1.2.5/package/package.json written
56 silly fetchNamedPackageData autoprefixer
57 silly mapToRegistry name autoprefixer
58 silly mapToRegistry using default registry
59 silly mapToRegistry registry https://registry.npmjs.org/
60 silly mapToRegistry uri https://registry.npmjs.org/autoprefixer
61 silly fetchNamedPackageData gulp
62 silly mapToRegistry name gulp
63 silly mapToRegistry using default registry
64 silly mapToRegistry registry https://registry.npmjs.org/
65 silly mapToRegistry uri https://registry.npmjs.org/gulp
66 silly fetchNamedPackageData gulp-postcss
67 silly mapToRegistry name gulp-postcss
68 silly mapToRegistry using default registry
69 silly mapToRegistry registry https://registry.npmjs.org/
70 silly mapToRegistry uri https://registry.npmjs.org/gulp-postcss
71 silly fetchNamedPackageData gulp-sass
72 silly mapToRegistry name gulp-sass
73 silly mapToRegistry using default registry
74 silly mapToRegistry registry https://registry.npmjs.org/
75 silly mapToRegistry uri https://registry.npmjs.org/gulp-sass
76 silly fetchNamedPackageData susy
77 silly mapToRegistry name susy
78 silly mapToRegistry using default registry
79 silly mapToRegistry registry https://registry.npmjs.org/
80 silly mapToRegistry uri https://registry.npmjs.org/susy
81 verbose request uri https://registry.npmjs.org/autoprefixer
82 verbose request no auth needed
83 info attempt registry request try #1 at 2:17:26 PM
84 verbose etag W/"9f33b8556c605283866cbf7530c86ebb"
85 verbose lastModified Fri, 05 Mar 2021 14:43:04 GMT
86 http request GET https://registry.npmjs.org/autoprefixer
87 verbose request uri https://registry.npmjs.org/gulp
88 verbose request no auth needed
89 info attempt registry request try #1 at 2:17:26 PM
90 verbose etag W/"5466e6e69daf494fdedf90bac410a4cb"
91 verbose lastModified Wed, 07 Apr 2021 15:51:06 GMT
92 http request GET https://registry.npmjs.org/gulp
93 verbose request uri https://registry.npmjs.org/gulp-postcss
94 verbose request no auth needed
95 info attempt registry request try #1 at 2:17:26 PM
96 verbose etag W/"acb6ab2c94dbf05f6317071a8c446551"
97 verbose lastModified Wed, 23 Sep 2020 18:12:11 GMT
98 http request GET https://registry.npmjs.org/gulp-postcss
99 verbose request uri https://registry.npmjs.org/gulp-sass
100 verbose request no auth needed
101 info attempt registry request try #1 at 2:17:26 PM
102 verbose etag W/"5ff9b346e52a2af3ee45b2795cee24c7"
103 verbose lastModified Thu, 23 Apr 2020 10:19:44 GMT
104 http request GET https://registry.npmjs.org/gulp-sass
105 verbose request uri https://registry.npmjs.org/susy
106 verbose request no auth needed
107 info attempt registry request try #1 at 2:17:26 PM
108 verbose etag W/"e78a2509f10f3abe37c659a75d6d52a8"
109 verbose lastModified Fri, 05 Mar 2021 22:55:52 GMT
110 http request GET https://registry.npmjs.org/susy
111 http 304 https://registry.npmjs.org/autoprefixer
112 verbose headers { date: 'Mon, 12 Apr 2021 12:17:26 GMT',
112 verbose headers   connection: 'keep-alive',
112 verbose headers   'set-cookie':
112 verbose headers    [ '__cfduid=def80505803de4cd7203785906cea1b0c1618229846; expires=Wed, 12-May-21 12:17:26 GMT; path=/; domain=.npmjs.org; HttpOnly; SameSite=Lax' ],
112 verbose headers   'cf-ray': '63ec643d9ef33317-CDG',
112 verbose headers   age: '2113',
112 verbose headers   'cache-control': 'public, max-age=300',
112 verbose headers   etag: '"9f33b8556c605283866cbf7530c86ebb"',
112 verbose headers   'last-modified': 'Fri, 05 Mar 2021 14:43:04 GMT',
112 verbose headers   vary: 'Accept-Encoding',
112 verbose headers   'cf-cache-status': 'HIT',
112 verbose headers   'cf-request-id': '09679cfa820000331732b76000000001',
112 verbose headers   'expect-ct': 'max-age=604800, report-uri="https://report-uri.cloudflare.com/cdn-cgi/beacon/expect-ct"',
112 verbose headers   server: 'cloudflare' }
113 silly get cb [ 304,
113 silly get   { date: 'Mon, 12 Apr 2021 12:17:26 GMT',
113 silly get     connection: 'keep-alive',
113 silly get     'set-cookie':
113 silly get      [ '__cfduid=def80505803de4cd7203785906cea1b0c1618229846; expires=Wed, 12-May-21 12:17:26 GMT; path=/; domain=.npmjs.org; HttpOnly; SameSite=Lax' ],
113 silly get     'cf-ray': '63ec643d9ef33317-CDG',
113 silly get     age: '2113',
113 silly get     'cache-control': 'public, max-age=300',
113 silly get     etag: '"9f33b8556c605283866cbf7530c86ebb"',
113 silly get     'last-modified': 'Fri, 05 Mar 2021 14:43:04 GMT',
113 silly get     vary: 'Accept-Encoding',
113 silly get     'cf-cache-status': 'HIT',
113 silly get     'cf-request-id': '09679cfa820000331732b76000000001',
113 silly get     'expect-ct': 'max-age=604800, report-uri="https://report-uri.cloudflare.com/cdn-cgi/beacon/expect-ct"',
113 silly get     server: 'cloudflare' } ]
114 verbose etag https://registry.npmjs.org/autoprefixer from cache
115 verbose get saving autoprefixer to /home/nga/.npm/registry.npmjs.org/autoprefixer/.cache.json
116 http 304 https://registry.npmjs.org/gulp-sass
117 verbose headers { date: 'Mon, 12 Apr 2021 12:17:26 GMT',
117 verbose headers   connection: 'keep-alive',
117 verbose headers   'set-cookie':
117 verbose headers    [ '__cfduid=dc212893fa868a8451a1a4db2471283c71618229846; expires=Wed, 12-May-21 12:17:26 GMT; path=/; domain=.npmjs.org; HttpOnly; SameSite=Lax' ],
117 verbose headers   'cf-ray': '63ec643dab49ee03-CDG',
117 verbose headers   age: '3074',
117 verbose headers   'cache-control': 'public, max-age=300',
117 verbose headers   etag: '"5ff9b346e52a2af3ee45b2795cee24c7"',
117 verbose headers   'last-modified': 'Thu, 23 Apr 2020 10:19:44 GMT',
117 verbose headers   vary: 'Accept-Encoding',
117 verbose headers   'cf-cache-status': 'HIT',
117 verbose headers   'cf-request-id': '09679cfa8d0000ee0365012000000001',
117 verbose headers   'expect-ct': 'max-age=604800, report-uri="https://report-uri.cloudflare.com/cdn-cgi/beacon/expect-ct"',
117 verbose headers   server: 'cloudflare' }
118 silly get cb [ 304,
118 silly get   { date: 'Mon, 12 Apr 2021 12:17:26 GMT',
118 silly get     connection: 'keep-alive',
118 silly get     'set-cookie':
118 silly get      [ '__cfduid=dc212893fa868a8451a1a4db2471283c71618229846; expires=Wed, 12-May-21 12:17:26 GMT; path=/; domain=.npmjs.org; HttpOnly; SameSite=Lax' ],
118 silly get     'cf-ray': '63ec643dab49ee03-CDG',
118 silly get     age: '3074',
118 silly get     'cache-control': 'public, max-age=300',
118 silly get     etag: '"5ff9b346e52a2af3ee45b2795cee24c7"',
118 silly get     'last-modified': 'Thu, 23 Apr 2020 10:19:44 GMT',
118 silly get     vary: 'Accept-Encoding',
118 silly get     'cf-cache-status': 'HIT',
118 silly get     'cf-request-id': '09679cfa8d0000ee0365012000000001',
118 silly get     'expect-ct': 'max-age=604800, report-uri="https://report-uri.cloudflare.com/cdn-cgi/beacon/expect-ct"',
118 silly get     server: 'cloudflare' } ]
119 verbose etag https://registry.npmjs.org/gulp-sass from cache
120 verbose get saving gulp-sass to /home/nga/.npm/registry.npmjs.org/gulp-sass/.cache.json
121 http 304 https://registry.npmjs.org/gulp
122 verbose headers { date: 'Mon, 12 Apr 2021 12:17:26 GMT',
122 verbose headers   connection: 'keep-alive',
122 verbose headers   'set-cookie':
122 verbose headers    [ '__cfduid=d7174d275858e8443f1e921437431216f1618229846; expires=Wed, 12-May-21 12:17:26 GMT; path=/; domain=.npmjs.org; HttpOnly; SameSite=Lax' ],
122 verbose headers   'cf-ray': '63ec643db8bfcd7b-CDG',
122 verbose headers   age: '107',
122 verbose headers   'cache-control': 'public, max-age=300',
122 verbose headers   etag: '"5466e6e69daf494fdedf90bac410a4cb"',
122 verbose headers   'last-modified': 'Wed, 07 Apr 2021 15:51:06 GMT',
122 verbose headers   vary: 'Accept-Encoding',
122 verbose headers   'cf-cache-status': 'HIT',
122 verbose headers   'cf-request-id': '09679cfa8f0000cd7b832be000000001',
122 verbose headers   'expect-ct': 'max-age=604800, report-uri="https://report-uri.cloudflare.com/cdn-cgi/beacon/expect-ct"',
122 verbose headers   server: 'cloudflare' }
123 silly get cb [ 304,
123 silly get   { date: 'Mon, 12 Apr 2021 12:17:26 GMT',
123 silly get     connection: 'keep-alive',
123 silly get     'set-cookie':
123 silly get      [ '__cfduid=d7174d275858e8443f1e921437431216f1618229846; expires=Wed, 12-May-21 12:17:26 GMT; path=/; domain=.npmjs.org; HttpOnly; SameSite=Lax' ],
123 silly get     'cf-ray': '63ec643db8bfcd7b-CDG',
123 silly get     age: '107',
123 silly get     'cache-control': 'public, max-age=300',
123 silly get     etag: '"5466e6e69daf494fdedf90bac410a4cb"',
123 silly get     'last-modified': 'Wed, 07 Apr 2021 15:51:06 GMT',
123 silly get     vary: 'Accept-Encoding',
123 silly get     'cf-cache-status': 'HIT',
123 silly get     'cf-request-id': '09679cfa8f0000cd7b832be000000001',
123 silly get     'expect-ct': 'max-age=604800, report-uri="https://report-uri.cloudflare.com/cdn-cgi/beacon/expect-ct"',
123 silly get     server: 'cloudflare' } ]
124 verbose etag https://registry.npmjs.org/gulp from cache
125 verbose get saving gulp to /home/nga/.npm/registry.npmjs.org/gulp/.cache.json
126 http 304 https://registry.npmjs.org/susy
127 verbose headers { date: 'Mon, 12 Apr 2021 12:17:26 GMT',
127 verbose headers   connection: 'keep-alive',
127 verbose headers   'set-cookie':
127 verbose headers    [ '__cfduid=de19cbedcc0d89221a5623b3b2f4a08fc1618229846; expires=Wed, 12-May-21 12:17:26 GMT; path=/; domain=.npmjs.org; HttpOnly; SameSite=Lax' ],
127 verbose headers   'cf-ray': '63ec643dbcbccda3-CDG',
127 verbose headers   age: '4866',
127 verbose headers   'cache-control': 'public, max-age=300',
127 verbose headers   etag: '"e78a2509f10f3abe37c659a75d6d52a8"',
127 verbose headers   'last-modified': 'Fri, 05 Mar 2021 22:55:52 GMT',
127 verbose headers   vary: 'Accept-Encoding',
127 verbose headers   'cf-cache-status': 'HIT',
127 verbose headers   'cf-request-id': '09679cfa8f0000cda399393000000001',
127 verbose headers   'expect-ct': 'max-age=604800, report-uri="https://report-uri.cloudflare.com/cdn-cgi/beacon/expect-ct"',
127 verbose headers   server: 'cloudflare' }
128 silly get cb [ 304,
128 silly get   { date: 'Mon, 12 Apr 2021 12:17:26 GMT',
128 silly get     connection: 'keep-alive',
128 silly get     'set-cookie':
128 silly get      [ '__cfduid=de19cbedcc0d89221a5623b3b2f4a08fc1618229846; expires=Wed, 12-May-21 12:17:26 GMT; path=/; domain=.npmjs.org; HttpOnly; SameSite=Lax' ],
128 silly get     'cf-ray': '63ec643dbcbccda3-CDG',
128 silly get     age: '4866',
128 silly get     'cache-control': 'public, max-age=300',
128 silly get     etag: '"e78a2509f10f3abe37c659a75d6d52a8"',
128 silly get     'last-modified': 'Fri, 05 Mar 2021 22:55:52 GMT',
128 silly get     vary: 'Accept-Encoding',
128 silly get     'cf-cache-status': 'HIT',
128 silly get     'cf-request-id': '09679cfa8f0000cda399393000000001',
128 silly get     'expect-ct': 'max-age=604800, report-uri="https://report-uri.cloudflare.com/cdn-cgi/beacon/expect-ct"',
128 silly get     server: 'cloudflare' } ]
129 verbose etag https://registry.npmjs.org/susy from cache
130 verbose get saving susy to /home/nga/.npm/registry.npmjs.org/susy/.cache.json
131 silly resolveWithNewModule autoprefixer@9.8.6 checking installable status
132 silly cache add args [ 'autoprefixer@^9.2.1', null ]
133 verbose cache add spec autoprefixer@^9.2.1
134 silly cache add parsed spec Result {
134 silly cache add   raw: 'autoprefixer@^9.2.1',
134 silly cache add   scope: null,
134 silly cache add   name: 'autoprefixer',
134 silly cache add   rawSpec: '^9.2.1',
134 silly cache add   spec: '>=9.2.1 <10.0.0',
134 silly cache add   type: 'range' }
135 silly addNamed autoprefixer@>=9.2.1 <10.0.0
136 verbose addNamed ">=9.2.1 <10.0.0" is a valid semver range for autoprefixer
137 silly addNameRange { name: 'autoprefixer',
137 silly addNameRange   range: '>=9.2.1 <10.0.0',
137 silly addNameRange   hasData: false }
138 silly mapToRegistry name autoprefixer
139 silly mapToRegistry using default registry
140 silly mapToRegistry registry https://registry.npmjs.org/
141 silly mapToRegistry uri https://registry.npmjs.org/autoprefixer
142 verbose addNameRange registry:https://registry.npmjs.org/autoprefixer not in flight; fetching
143 silly resolveWithNewModule gulp-sass@4.1.0 checking installable status
144 silly cache add args [ 'gulp-sass@^4.0.2', null ]
145 verbose cache add spec gulp-sass@^4.0.2
146 silly cache add parsed spec Result {
146 silly cache add   raw: 'gulp-sass@^4.0.2',
146 silly cache add   scope: null,
146 silly cache add   name: 'gulp-sass',
146 silly cache add   rawSpec: '^4.0.2',
146 silly cache add   spec: '>=4.0.2 <5.0.0',
146 silly cache add   type: 'range' }
147 silly addNamed gulp-sass@>=4.0.2 <5.0.0
148 verbose addNamed ">=4.0.2 <5.0.0" is a valid semver range for gulp-sass
149 silly addNameRange { name: 'gulp-sass', range: '>=4.0.2 <5.0.0', hasData: false }
150 silly mapToRegistry name gulp-sass
151 silly mapToRegistry using default registry
152 silly mapToRegistry registry https://registry.npmjs.org/
153 silly mapToRegistry uri https://registry.npmjs.org/gulp-sass
154 verbose addNameRange registry:https://registry.npmjs.org/gulp-sass not in flight; fetching
155 silly resolveWithNewModule gulp@4.0.2 checking installable status
156 silly cache add args [ 'gulp@^4.0.2', null ]
157 verbose cache add spec gulp@^4.0.2
158 silly cache add parsed spec Result {
158 silly cache add   raw: 'gulp@^4.0.2',
158 silly cache add   scope: null,
158 silly cache add   name: 'gulp',
158 silly cache add   rawSpec: '^4.0.2',
158 silly cache add   spec: '>=4.0.2 <5.0.0',
158 silly cache add   type: 'range' }
159 silly addNamed gulp@>=4.0.2 <5.0.0
160 verbose addNamed ">=4.0.2 <5.0.0" is a valid semver range for gulp
161 silly addNameRange { name: 'gulp', range: '>=4.0.2 <5.0.0', hasData: false }
162 silly mapToRegistry name gulp
163 silly mapToRegistry using default registry
164 silly mapToRegistry registry https://registry.npmjs.org/
165 silly mapToRegistry uri https://registry.npmjs.org/gulp
166 verbose addNameRange registry:https://registry.npmjs.org/gulp not in flight; fetching
167 silly resolveWithNewModule susy@2.2.14 checking installable status
168 silly cache add args [ 'susy@^2.2.12', null ]
169 verbose cache add spec susy@^2.2.12
170 silly cache add parsed spec Result {
170 silly cache add   raw: 'susy@^2.2.12',
170 silly cache add   scope: null,
170 silly cache add   name: 'susy',
170 silly cache add   rawSpec: '^2.2.12',
170 silly cache add   spec: '>=2.2.12 <3.0.0',
170 silly cache add   type: 'range' }
171 silly addNamed susy@>=2.2.12 <3.0.0
172 verbose addNamed ">=2.2.12 <3.0.0" is a valid semver range for susy
173 silly addNameRange { name: 'susy', range: '>=2.2.12 <3.0.0', hasData: false }
174 silly mapToRegistry name susy
175 silly mapToRegistry using default registry
176 silly mapToRegistry registry https://registry.npmjs.org/
177 silly mapToRegistry uri https://registry.npmjs.org/susy
178 verbose addNameRange registry:https://registry.npmjs.org/susy not in flight; fetching
179 verbose get https://registry.npmjs.org/autoprefixer not expired, no request
180 silly addNameRange number 2 { name: 'autoprefixer', range: '>=9.2.1 <10.0.0', hasData: true }
181 silly addNameRange versions [ 'autoprefixer',
181 silly addNameRange   [ '0.1.20130409',
181 silly addNameRange     '0.2.20130413',
181 silly addNameRange     '0.3.20130423',
181 silly addNameRange     '0.3.20130424',
181 silly addNameRange     '0.3.20130427',
181 silly addNameRange     '0.3.20130502',
181 silly addNameRange     '0.4.20130507',
181 silly addNameRange     '0.4.20130515',
181 silly addNameRange     '0.4.20130521',
181 silly addNameRange     '0.4.20130524',
181 silly addNameRange     '0.4.20130528',
181 silly addNameRange     '0.4.20130530',
181 silly addNameRange     '0.4.20130603',
181 silly addNameRange     '0.5.20130615',
181 silly addNameRange     '0.5.20130616',
181 silly addNameRange     '0.5.20130617',
181 silly addNameRange     '0.5.20130625',
181 silly addNameRange     '0.5.20130626',
181 silly addNameRange     '0.5.20130629',
181 silly addNameRange     '0.6.20130716',
181 silly addNameRange     '0.6.20130721',
181 silly addNameRange     '0.6.20130728',
181 silly addNameRange     '0.6.20130729',
181 silly addNameRange     '0.6.20130730',
181 silly addNameRange     '0.6.20130731',
181 silly addNameRange     '0.7.20130805',
181 silly addNameRange     '0.7.20130806',
181 silly addNameRange     '0.7.20130807',
181 silly addNameRange     '0.7.20130808',
181 silly addNameRange     '0.7.20130810',
181 silly addNameRange     '0.7.20130824',
181 silly addNameRange     '0.8.20130902',
181 silly addNameRange     '0.8.20130903',
181 silly addNameRange     '0.8.20130906',
181 silly addNameRange     '0.8.20130911',
181 silly addNameRange     '0.8.20130919',
181 silly addNameRange     '0.8.20130923',
181 silly addNameRange     '0.8.20131001',
181 silly addNameRange     '0.8.20131006',
181 silly addNameRange     '0.8.20131007',
181 silly addNameRange     '0.8.20131009',
181 silly addNameRange     '0.8.20131015',
181 silly addNameRange     '0.8.20131017',
181 silly addNameRange     '0.8.20131020',
181 silly addNameRange     '0.8.20131029',
181 silly addNameRange     '0.8.20131104',
181 silly addNameRange     '0.8.20131209',
181 silly addNameRange     '0.8.20131213',
181 silly addNameRange     '1.0.20131222',
181 silly addNameRange     '1.0.20140103',
181 silly addNameRange     '1.0.20140109',
181 silly addNameRange     '1.0.20140110',
181 silly addNameRange     '1.0.20140117',
181 silly addNameRange     '1.0.20140130',
181 silly addNameRange     '1.0.20140203',
181 silly addNameRange     '1.0.20140213',
181 silly addNameRange     '1.1.20140218',
181 silly addNameRange     '1.1.20140222',
181 silly addNameRange     '1.1.20140226',
181 silly addNameRange     '1.1.20140302',
181 silly addNameRange     '1.1.20140319',
181 silly addNameRange     '1.1.20140327',
181 silly addNameRange     '1.1.20140403',
181 silly addNameRange     '1.1.20140410',
181 silly addNameRange     '1.1.20140429',
181 silly addNameRange     '1.1.20140430',
181 silly addNameRange     '1.1.20140510',
181 silly addNameRange     '1.1.20140512',
181 silly addNameRange     '1.1.20140521',
181 silly addNameRange     '1.1.20140523',
181 silly addNameRange     '1.1.20140605',
181 silly addNameRange     '1.2.0',
181 silly addNameRange     '1.3.0',
181 silly addNameRange     '1.3.1',
181 silly addNameRange     '2.0.0',
181 silly addNameRange     '2.0.1',
181 silly addNameRange     '2.0.2',
181 silly addNameRange     '2.1.0',
181 silly addNameRange     '2.1.1',
181 silly addNameRange     '2.2.0',
181 silly addNameRange     '3.0.0',
181 silly addNameRange     '3.1.0',
181 silly addNameRange     '4.0.0',
181 silly addNameRange     '5.0.0',
181 silly addNameRange     '5.1.0',
181 silly addNameRange     '5.1.1',
181 silly addNameRange     '5.2.0',
181 silly addNameRange     '6.0.0',
181 silly addNameRange     '6.0.1',
181 silly addNameRange     '6.0.2',
181 silly addNameRange     '6.0.3',
181 silly addNameRange     '6.1.0',
181 silly addNameRange     '6.1.1',
181 silly addNameRange     '6.1.2',
181 silly addNameRange     '6.2.0',
181 silly addNameRange     '6.2.1',
181 silly addNameRange     '6.2.2',
181 silly addNameRange     '6.2.3',
181 silly addNameRange     '6.3.0',
181 silly addNameRange     '6.3.1',
181 silly addNameRange     ... 112 more items ] ]
182 silly addNamed autoprefixer@9.8.6
183 verbose addNamed "9.8.6" is a plain semver version for autoprefixer
184 verbose get https://registry.npmjs.org/gulp-sass not expired, no request
185 silly addNameRange number 2 { name: 'gulp-sass', range: '>=4.0.2 <5.0.0', hasData: true }
186 silly addNameRange versions [ 'gulp-sass',
186 silly addNameRange   [ '0.1.0',
186 silly addNameRange     '0.2.1',
186 silly addNameRange     '0.2.2',
186 silly addNameRange     '0.2.3',
186 silly addNameRange     '0.3.0',
186 silly addNameRange     '0.4.0',
186 silly addNameRange     '0.4.1',
186 silly addNameRange     '0.5.0',
186 silly addNameRange     '0.5.1',
186 silly addNameRange     '0.5.2',
186 silly addNameRange     '0.6.0',
186 silly addNameRange     '0.7.0',
186 silly addNameRange     '0.7.1',
186 silly addNameRange     '0.7.2',
186 silly addNameRange     '0.7.3',
186 silly addNameRange     '1.0.0',
186 silly addNameRange     '1.1.0',
186 silly addNameRange     '1.2.0',
186 silly addNameRange     '1.2.1',
186 silly addNameRange     '1.2.2',
186 silly addNameRange     '1.2.3',
186 silly addNameRange     '1.2.4',
186 silly addNameRange     '1.3.0',
186 silly addNameRange     '1.3.1',
186 silly addNameRange     '1.3.2',
186 silly addNameRange     '1.3.3',
186 silly addNameRange     '2.0.0-alpha.1',
186 silly addNameRange     '2.0.0',
186 silly addNameRange     '2.0.2',
186 silly addNameRange     '2.0.3',
186 silly addNameRange     '2.0.4',
186 silly addNameRange     '2.1.0-beta',
186 silly addNameRange     '2.1.0',
186 silly addNameRange     '2.1.1',
186 silly addNameRange     '2.2.0',
186 silly addNameRange     '2.3.0-beta.1',
186 silly addNameRange     '2.3.0',
186 silly addNameRange     '2.3.1',
186 silly addNameRange     '2.3.2',
186 silly addNameRange     '3.0.0',
186 silly addNameRange     '3.1.0',
186 silly addNameRange     '3.2.0',
186 silly addNameRange     '3.2.1',
186 silly addNameRange     '4.0.0',
186 silly addNameRange     '4.0.1',
186 silly addNameRange     '4.0.2',
186 silly addNameRange     '4.1.0' ] ]
187 silly addNamed gulp-sass@4.1.0
188 verbose addNamed "4.1.0" is a plain semver version for gulp-sass
189 verbose get https://registry.npmjs.org/gulp not expired, no request
190 silly addNameRange number 2 { name: 'gulp', range: '>=4.0.2 <5.0.0', hasData: true }
191 silly addNameRange versions [ 'gulp',
191 silly addNameRange   [ '0.0.1',
191 silly addNameRange     '0.0.2',
191 silly addNameRange     '0.0.3',
191 silly addNameRange     '0.0.4',
191 silly addNameRange     '0.0.5',
191 silly addNameRange     '0.0.7',
191 silly addNameRange     '0.0.8',
191 silly addNameRange     '0.0.9',
191 silly addNameRange     '0.1.0',
191 silly addNameRange     '0.2.0',
191 silly addNameRange     '1.0.0',
191 silly addNameRange     '1.1.0',
191 silly addNameRange     '1.2.0',
191 silly addNameRange     '1.2.1',
191 silly addNameRange     '2.0.0',
191 silly addNameRange     '2.0.1',
191 silly addNameRange     '2.1.0',
191 silly addNameRange     '2.2.0',
191 silly addNameRange     '2.3.0',
191 silly addNameRange     '2.4.0',
191 silly addNameRange     '2.4.1',
191 silly addNameRange     '2.6.0',
191 silly addNameRange     '2.6.1',
191 silly addNameRange     '2.7.0',
191 silly addNameRange     '3.0.0',
191 silly addNameRange     '3.1.1',
191 silly addNameRange     '3.1.2',
191 silly addNameRange     '3.1.3',
191 silly addNameRange     '3.1.4',
191 silly addNameRange     '3.2.0',
191 silly addNameRange     '3.2.1',
191 silly addNameRange     '3.2.2',
191 silly addNameRange     '3.2.3',
191 silly addNameRange     '3.2.4',
191 silly addNameRange     '3.2.5',
191 silly addNameRange     '3.3.0',
191 silly addNameRange     '3.3.1',
191 silly addNameRange     '3.3.2',
191 silly addNameRange     '3.3.4',
191 silly addNameRange     '3.4.0',
191 silly addNameRange     '3.5.0',
191 silly addNameRange     '3.5.1',
191 silly addNameRange     '3.5.2',
191 silly addNameRange     '3.5.5',
191 silly addNameRange     '3.5.6',
191 silly addNameRange     '3.6.0',
191 silly addNameRange     '3.6.1',
191 silly addNameRange     '3.6.2',
191 silly addNameRange     '3.7.0',
191 silly addNameRange     '3.8.0',
191 silly addNameRange     '3.8.1',
191 silly addNameRange     '3.8.2',
191 silly addNameRange     '3.8.3',
191 silly addNameRange     '3.8.4',
191 silly addNameRange     '3.8.5',
191 silly addNameRange     '3.8.6',
191 silly addNameRange     '3.8.7',
191 silly addNameRange     '3.8.8',
191 silly addNameRange     '3.8.9',
191 silly addNameRange     '3.8.10',
191 silly addNameRange     '3.8.11',
191 silly addNameRange     '3.9.0',
191 silly addNameRange     '3.9.1',
191 silly addNameRange     '4.0.0',
191 silly addNameRange     '4.0.1',
191 silly addNameRange     '4.0.2' ] ]
192 silly addNamed gulp@4.0.2
193 verbose addNamed "4.0.2" is a plain semver version for gulp
194 verbose get https://registry.npmjs.org/susy not expired, no request
195 silly addNameRange number 2 { name: 'susy', range: '>=2.2.12 <3.0.0', hasData: true }
196 silly addNameRange versions [ 'susy',
196 silly addNameRange   [ '2.2.0',
196 silly addNameRange     '2.2.1',
196 silly addNameRange     '2.2.2-alpha.1',
196 silly addNameRange     '2.2.2',
196 silly addNameRange     '2.2.3',
196 silly addNameRange     '2.2.5',
196 silly addNameRange     '2.2.6',
196 silly addNameRange     '2.2.9',
196 silly addNameRange     '2.2.10',
196 silly addNameRange     '2.2.11',
196 silly addNameRange     '2.2.12',
196 silly addNameRange     '3.0.0-alpha.1',
196 silly addNameRange     '3.0.0-alpha.5',
196 silly addNameRange     '3.0.0-alpha.6',
196 silly addNameRange     '3.0.0-beta.1',
196 silly addNameRange     '3.0.0',
196 silly addNameRange     '3.0.1',
196 silly addNameRange     '3.0.2',
196 silly addNameRange     '3.0.3',
196 silly addNameRange     '2.2.14',
196 silly addNameRange     '3.0.4',
196 silly addNameRange     '3.0.5',
196 silly addNameRange     '3.0.6',
196 silly addNameRange     '3.0.7' ] ]
197 silly addNamed susy@2.2.14
198 verbose addNamed "2.2.14" is a plain semver version for susy
199 silly cache afterAdd autoprefixer@9.8.6
200 verbose afterAdd /home/nga/.npm/autoprefixer/9.8.6/package/package.json not in flight; writing
201 silly cache afterAdd gulp-sass@4.1.0
202 verbose afterAdd /home/nga/.npm/gulp-sass/4.1.0/package/package.json not in flight; writing
203 silly cache afterAdd susy@2.2.14
204 verbose afterAdd /home/nga/.npm/susy/2.2.14/package/package.json not in flight; writing
205 silly cache afterAdd gulp@4.0.2
206 verbose afterAdd /home/nga/.npm/gulp/4.0.2/package/package.json not in flight; writing
207 verbose afterAdd /home/nga/.npm/autoprefixer/9.8.6/package/package.json written
208 verbose afterAdd /home/nga/.npm/gulp-sass/4.1.0/package/package.json written
209 verbose afterAdd /home/nga/.npm/susy/2.2.14/package/package.json written
210 verbose afterAdd /home/nga/.npm/gulp/4.0.2/package/package.json written
211 http 304 https://registry.npmjs.org/gulp-postcss
212 verbose headers { date: 'Mon, 12 Apr 2021 12:17:27 GMT',
212 verbose headers   connection: 'keep-alive',
212 verbose headers   'set-cookie':
212 verbose headers    [ '__cfduid=df071a5ea41a31c9107b5ed72a64e97781618229846; expires=Wed, 12-May-21 12:17:26 GMT; path=/; domain=.npmjs.org; HttpOnly; SameSite=Lax' ],
212 verbose headers   'cf-ray': '63ec643db84a0824-CDG',
212 verbose headers   'cache-control': 'public, max-age=300',
212 verbose headers   etag: '"acb6ab2c94dbf05f6317071a8c446551"',
212 verbose headers   'last-modified': 'Wed, 23 Sep 2020 18:12:11 GMT',
212 verbose headers   vary: 'Accept-Encoding',
212 verbose headers   'cf-cache-status': 'REVALIDATED',
212 verbose headers   'cf-request-id': '09679cfa8f0000082453a6c000000001',
212 verbose headers   'expect-ct': 'max-age=604800, report-uri="https://report-uri.cloudflare.com/cdn-cgi/beacon/expect-ct"',
212 verbose headers   server: 'cloudflare' }
213 silly get cb [ 304,
213 silly get   { date: 'Mon, 12 Apr 2021 12:17:27 GMT',
213 silly get     connection: 'keep-alive',
213 silly get     'set-cookie':
213 silly get      [ '__cfduid=df071a5ea41a31c9107b5ed72a64e97781618229846; expires=Wed, 12-May-21 12:17:26 GMT; path=/; domain=.npmjs.org; HttpOnly; SameSite=Lax' ],
213 silly get     'cf-ray': '63ec643db84a0824-CDG',
213 silly get     'cache-control': 'public, max-age=300',
213 silly get     etag: '"acb6ab2c94dbf05f6317071a8c446551"',
213 silly get     'last-modified': 'Wed, 23 Sep 2020 18:12:11 GMT',
213 silly get     vary: 'Accept-Encoding',
213 silly get     'cf-cache-status': 'REVALIDATED',
213 silly get     'cf-request-id': '09679cfa8f0000082453a6c000000001',
213 silly get     'expect-ct': 'max-age=604800, report-uri="https://report-uri.cloudflare.com/cdn-cgi/beacon/expect-ct"',
213 silly get     server: 'cloudflare' } ]
214 verbose etag https://registry.npmjs.org/gulp-postcss from cache
215 verbose get saving gulp-postcss to /home/nga/.npm/registry.npmjs.org/gulp-postcss/.cache.json
216 silly resolveWithNewModule gulp-postcss@8.0.0 checking installable status
217 silly cache add args [ 'gulp-postcss@^8.0.0', null ]
218 verbose cache add spec gulp-postcss@^8.0.0
219 silly cache add parsed spec Result {
219 silly cache add   raw: 'gulp-postcss@^8.0.0',
219 silly cache add   scope: null,
219 silly cache add   name: 'gulp-postcss',
219 silly cache add   rawSpec: '^8.0.0',
219 silly cache add   spec: '>=8.0.0 <9.0.0',
219 silly cache add   type: 'range' }
220 silly addNamed gulp-postcss@>=8.0.0 <9.0.0
221 verbose addNamed ">=8.0.0 <9.0.0" is a valid semver range for gulp-postcss
222 silly addNameRange { name: 'gulp-postcss', range: '>=8.0.0 <9.0.0', hasData: false }
223 silly mapToRegistry name gulp-postcss
224 silly mapToRegistry using default registry
225 silly mapToRegistry registry https://registry.npmjs.org/
226 silly mapToRegistry uri https://registry.npmjs.org/gulp-postcss
227 verbose addNameRange registry:https://registry.npmjs.org/gulp-postcss not in flight; fetching
228 verbose get https://registry.npmjs.org/gulp-postcss not expired, no request
229 silly addNameRange number 2 { name: 'gulp-postcss', range: '>=8.0.0 <9.0.0', hasData: true }
230 silly addNameRange versions [ 'gulp-postcss',
230 silly addNameRange   [ '0.0.1',
230 silly addNameRange     '0.0.2',
230 silly addNameRange     '1.0.0',
230 silly addNameRange     '1.0.1',
230 silly addNameRange     '1.0.2',
230 silly addNameRange     '2.0.0',
230 silly addNameRange     '2.0.1',
230 silly addNameRange     '3.0.0',
230 silly addNameRange     '4.0.0',
230 silly addNameRange     '4.0.1',
230 silly addNameRange     '4.0.2',
230 silly addNameRange     '4.0.3',
230 silly addNameRange     '5.0.0',
230 silly addNameRange     '5.0.1',
230 silly addNameRange     '5.1.0',
230 silly addNameRange     '5.1.1',
230 silly addNameRange     '5.1.2',
230 silly addNameRange     '5.1.3',
230 silly addNameRange     '5.1.4',
230 silly addNameRange     '5.1.5',
230 silly addNameRange     '5.1.6',
230 silly addNameRange     '5.1.7',
230 silly addNameRange     '5.1.8',
230 silly addNameRange     '5.1.9',
230 silly addNameRange     '5.1.10',
230 silly addNameRange     '6.0.0',
230 silly addNameRange     '6.0.1',
230 silly addNameRange     '6.1.0',
230 silly addNameRange     '6.1.1',
230 silly addNameRange     '6.2.0',
230 silly addNameRange     '6.3.0',
230 silly addNameRange     '6.4.0',
230 silly addNameRange     '7.0.0',
230 silly addNameRange     '7.0.1',
230 silly addNameRange     '8.0.0',
230 silly addNameRange     '9.0.0' ] ]
231 silly addNamed gulp-postcss@8.0.0
232 verbose addNamed "8.0.0" is a plain semver version for gulp-postcss
233 silly cache afterAdd gulp-postcss@8.0.0
234 verbose afterAdd /home/nga/.npm/gulp-postcss/8.0.0/package/package.json not in flight; writing
235 verbose afterAdd /home/nga/.npm/gulp-postcss/8.0.0/package/package.json written
236 silly fetchNamedPackageData browserslist
237 silly mapToRegistry name browserslist
238 silly mapToRegistry using default registry
239 silly mapToRegistry registry https://registry.npmjs.org/
240 silly mapToRegistry uri https://registry.npmjs.org/browserslist
241 silly fetchNamedPackageData caniuse-lite
242 silly mapToRegistry name caniuse-lite
243 silly mapToRegistry using default registry
244 silly mapToRegistry registry https://registry.npmjs.org/
245 silly mapToRegistry uri https://registry.npmjs.org/caniuse-lite
246 silly fetchNamedPackageData colorette
247 silly mapToRegistry name colorette
248 silly mapToRegistry using default registry
249 silly mapToRegistry registry https://registry.npmjs.org/
250 silly mapToRegistry uri https://registry.npmjs.org/colorette
251 silly fetchNamedPackageData normalize-range
252 silly mapToRegistry name normalize-range
253 silly mapToRegistry using default registry
254 silly mapToRegistry registry https://registry.npmjs.org/
255 silly mapToRegistry uri https://registry.npmjs.org/normalize-range
256 silly fetchNamedPackageData num2fraction
257 silly mapToRegistry name num2fraction
258 silly mapToRegistry using default registry
259 silly mapToRegistry registry https://registry.npmjs.org/
260 silly mapToRegistry uri https://registry.npmjs.org/num2fraction
261 silly fetchNamedPackageData postcss
262 silly mapToRegistry name postcss
263 silly mapToRegistry using default registry
264 silly mapToRegistry registry https://registry.npmjs.org/
265 silly mapToRegistry uri https://registry.npmjs.org/postcss
266 silly fetchNamedPackageData postcss-value-parser
267 silly mapToRegistry name postcss-value-parser
268 silly mapToRegistry using default registry
269 silly mapToRegistry registry https://registry.npmjs.org/
270 silly mapToRegistry uri https://registry.npmjs.org/postcss-value-parser
271 verbose request uri https://registry.npmjs.org/browserslist
272 verbose request no auth needed
273 info attempt registry request try #1 at 2:17:27 PM
274 verbose etag W/"c160e0c11bfc41e6b96fe007088d2d97"
275 verbose lastModified Mon, 12 Apr 2021 10:54:17 GMT
276 http request GET https://registry.npmjs.org/browserslist
277 verbose request uri https://registry.npmjs.org/caniuse-lite
278 verbose request no auth needed
279 info attempt registry request try #1 at 2:17:27 PM
280 verbose etag W/"d5658de6fa079f413ba48b87da72e494"
281 verbose lastModified Thu, 08 Apr 2021 06:33:14 GMT
282 http request GET https://registry.npmjs.org/caniuse-lite
283 verbose request uri https://registry.npmjs.org/colorette
284 verbose request no auth needed
285 info attempt registry request try #1 at 2:17:27 PM
286 verbose etag W/"d20221ddc12b16eab88f23524eade178"
287 verbose lastModified Thu, 25 Feb 2021 13:26:18 GMT
288 http request GET https://registry.npmjs.org/colorette
289 verbose request uri https://registry.npmjs.org/normalize-range
290 verbose request no auth needed
291 info attempt registry request try #1 at 2:17:27 PM
292 verbose etag W/"c3a15e353dc95f29f01c259f8cfdfa65"
293 verbose lastModified Sun, 27 May 2018 10:33:46 GMT
294 http request GET https://registry.npmjs.org/normalize-range
295 verbose request uri https://registry.npmjs.org/num2fraction
296 verbose request no auth needed
297 info attempt registry request try #1 at 2:17:27 PM
298 verbose etag W/"adf3de1622f8077a9b177d97a5c5a292"
299 verbose lastModified Sun, 27 May 2018 10:51:20 GMT
300 http request GET https://registry.npmjs.org/num2fraction
301 verbose request uri https://registry.npmjs.org/postcss
302 verbose request no auth needed
303 info attempt registry request try #1 at 2:17:27 PM
304 verbose etag W/"5464bbea74827017e19e9aa97abf7eb5"
305 verbose lastModified Sun, 11 Apr 2021 16:37:28 GMT
306 http request GET https://registry.npmjs.org/postcss
307 verbose request uri https://registry.npmjs.org/postcss-value-parser
308 verbose request no auth needed
309 info attempt registry request try #1 at 2:17:27 PM
310 verbose etag W/"ed949650f3ce96e09473b4f93ed363cd"
311 verbose lastModified Tue, 28 Apr 2020 14:11:57 GMT
312 http request GET https://registry.npmjs.org/postcss-value-parser
313 http 304 https://registry.npmjs.org/normalize-range
314 verbose headers { date: 'Mon, 12 Apr 2021 12:17:27 GMT',
314 verbose headers   connection: 'keep-alive',
314 verbose headers   'set-cookie':
314 verbose headers    [ '__cfduid=db21e9d31a6af857ed13feab0247836a11618229847; expires=Wed, 12-May-21 12:17:27 GMT; path=/; domain=.npmjs.org; HttpOnly; SameSite=Lax' ],
314 verbose headers   'cf-ray': '63ec64448b3dcda3-CDG',
314 verbose headers   age: '50',
314 verbose headers   'cache-control': 'public, max-age=300',
314 verbose headers   etag: '"c3a15e353dc95f29f01c259f8cfdfa65"',
314 verbose headers   'last-modified': 'Sun, 27 May 2018 10:33:46 GMT',
314 verbose headers   vary: 'Accept-Encoding',
314 verbose headers   'cf-cache-status': 'HIT',
314 verbose headers   'cf-request-id': '09679cfed40000cda3bd260000000001',
314 verbose headers   'expect-ct': 'max-age=604800, report-uri="https://report-uri.cloudflare.com/cdn-cgi/beacon/expect-ct"',
314 verbose headers   server: 'cloudflare' }
315 silly get cb [ 304,
315 silly get   { date: 'Mon, 12 Apr 2021 12:17:27 GMT',
315 silly get     connection: 'keep-alive',
315 silly get     'set-cookie':
315 silly get      [ '__cfduid=db21e9d31a6af857ed13feab0247836a11618229847; expires=Wed, 12-May-21 12:17:27 GMT; path=/; domain=.npmjs.org; HttpOnly; SameSite=Lax' ],
315 silly get     'cf-ray': '63ec64448b3dcda3-CDG',
315 silly get     age: '50',
315 silly get     'cache-control': 'public, max-age=300',
315 silly get     etag: '"c3a15e353dc95f29f01c259f8cfdfa65"',
315 silly get     'last-modified': 'Sun, 27 May 2018 10:33:46 GMT',
315 silly get     vary: 'Accept-Encoding',
315 silly get     'cf-cache-status': 'HIT',
315 silly get     'cf-request-id': '09679cfed40000cda3bd260000000001',
315 silly get     'expect-ct': 'max-age=604800, report-uri="https://report-uri.cloudflare.com/cdn-cgi/beacon/expect-ct"',
315 silly get     server: 'cloudflare' } ]
316 verbose etag https://registry.npmjs.org/normalize-range from cache
317 verbose get saving normalize-range to /home/nga/.npm/registry.npmjs.org/normalize-range/.cache.json
318 http 304 https://registry.npmjs.org/num2fraction
319 verbose headers { date: 'Mon, 12 Apr 2021 12:17:27 GMT',
319 verbose headers   connection: 'keep-alive',
319 verbose headers   'set-cookie':
319 verbose headers    [ '__cfduid=da4c7f43a9757f6ec07ed40af4b4697891618229847; expires=Wed, 12-May-21 12:17:27 GMT; path=/; domain=.npmjs.org; HttpOnly; SameSite=Lax' ],
319 verbose headers   'cf-ray': '63ec64448a410824-CDG',
319 verbose headers   age: '2745',
319 verbose headers   'cache-control': 'public, max-age=300',
319 verbose headers   etag: '"adf3de1622f8077a9b177d97a5c5a292"',
319 verbose headers   'last-modified': 'Sun, 27 May 2018 10:51:20 GMT',
319 verbose headers   vary: 'Accept-Encoding',
319 verbose headers   'cf-cache-status': 'HIT',
319 verbose headers   'cf-request-id': '09679cfed500000824fca6e000000001',
319 verbose headers   'expect-ct': 'max-age=604800, report-uri="https://report-uri.cloudflare.com/cdn-cgi/beacon/expect-ct"',
319 verbose headers   server: 'cloudflare' }
320 silly get cb [ 304,
320 silly get   { date: 'Mon, 12 Apr 2021 12:17:27 GMT',
320 silly get     connection: 'keep-alive',
320 silly get     'set-cookie':
320 silly get      [ '__cfduid=da4c7f43a9757f6ec07ed40af4b4697891618229847; expires=Wed, 12-May-21 12:17:27 GMT; path=/; domain=.npmjs.org; HttpOnly; SameSite=Lax' ],
320 silly get     'cf-ray': '63ec64448a410824-CDG',
320 silly get     age: '2745',
320 silly get     'cache-control': 'public, max-age=300',
320 silly get     etag: '"adf3de1622f8077a9b177d97a5c5a292"',
320 silly get     'last-modified': 'Sun, 27 May 2018 10:51:20 GMT',
320 silly get     vary: 'Accept-Encoding',
320 silly get     'cf-cache-status': 'HIT',
320 silly get     'cf-request-id': '09679cfed500000824fca6e000000001',
320 silly get     'expect-ct': 'max-age=604800, report-uri="https://report-uri.cloudflare.com/cdn-cgi/beacon/expect-ct"',
320 silly get     server: 'cloudflare' } ]
321 verbose etag https://registry.npmjs.org/num2fraction from cache
322 verbose get saving num2fraction to /home/nga/.npm/registry.npmjs.org/num2fraction/.cache.json
323 silly resolveWithNewModule normalize-range@0.1.2 checking installable status
324 silly cache add args [ 'normalize-range@^0.1.2', null ]
325 verbose cache add spec normalize-range@^0.1.2
326 silly cache add parsed spec Result {
326 silly cache add   raw: 'normalize-range@^0.1.2',
326 silly cache add   scope: null,
326 silly cache add   name: 'normalize-range',
326 silly cache add   rawSpec: '^0.1.2',
326 silly cache add   spec: '>=0.1.2 <0.2.0',
326 silly cache add   type: 'range' }
327 silly addNamed normalize-range@>=0.1.2 <0.2.0
328 verbose addNamed ">=0.1.2 <0.2.0" is a valid semver range for normalize-range
329 silly addNameRange { name: 'normalize-range',
329 silly addNameRange   range: '>=0.1.2 <0.2.0',
329 silly addNameRange   hasData: false }
330 silly mapToRegistry name normalize-range
331 silly mapToRegistry using default registry
332 silly mapToRegistry registry https://registry.npmjs.org/
333 silly mapToRegistry uri https://registry.npmjs.org/normalize-range
334 verbose addNameRange registry:https://registry.npmjs.org/normalize-range not in flight; fetching
335 silly resolveWithNewModule num2fraction@1.2.2 checking installable status
336 silly cache add args [ 'num2fraction@^1.2.2', null ]
337 verbose cache add spec num2fraction@^1.2.2
338 silly cache add parsed spec Result {
338 silly cache add   raw: 'num2fraction@^1.2.2',
338 silly cache add   scope: null,
338 silly cache add   name: 'num2fraction',
338 silly cache add   rawSpec: '^1.2.2',
338 silly cache add   spec: '>=1.2.2 <2.0.0',
338 silly cache add   type: 'range' }
339 silly addNamed num2fraction@>=1.2.2 <2.0.0
340 verbose addNamed ">=1.2.2 <2.0.0" is a valid semver range for num2fraction
341 silly addNameRange { name: 'num2fraction', range: '>=1.2.2 <2.0.0', hasData: false }
342 silly mapToRegistry name num2fraction
343 silly mapToRegistry using default registry
344 silly mapToRegistry registry https://registry.npmjs.org/
345 silly mapToRegistry uri https://registry.npmjs.org/num2fraction
346 verbose addNameRange registry:https://registry.npmjs.org/num2fraction not in flight; fetching
347 http 304 https://registry.npmjs.org/caniuse-lite
348 verbose headers { date: 'Mon, 12 Apr 2021 12:17:27 GMT',
348 verbose headers   connection: 'keep-alive',
348 verbose headers   'set-cookie':
348 verbose headers    [ '__cfduid=dc0b507b82499a74514faccd17459ec121618229847; expires=Wed, 12-May-21 12:17:27 GMT; path=/; domain=.npmjs.org; HttpOnly; SameSite=Lax' ],
348 verbose headers   'cf-ray': '63ec64448fadee03-CDG',
348 verbose headers   age: '1142',
348 verbose headers   'cache-control': 'public, max-age=300',
348 verbose headers   etag: '"d5658de6fa079f413ba48b87da72e494"',
348 verbose headers   'last-modified': 'Thu, 08 Apr 2021 06:33:14 GMT',
348 verbose headers   vary: 'Accept-Encoding',
348 verbose headers   'cf-cache-status': 'HIT',
348 verbose headers   'cf-request-id': '09679cfed40000ee0331b0e000000001',
348 verbose headers   'expect-ct': 'max-age=604800, report-uri="https://report-uri.cloudflare.com/cdn-cgi/beacon/expect-ct"',
348 verbose headers   server: 'cloudflare' }
349 silly get cb [ 304,
349 silly get   { date: 'Mon, 12 Apr 2021 12:17:27 GMT',
349 silly get     connection: 'keep-alive',
349 silly get     'set-cookie':
349 silly get      [ '__cfduid=dc0b507b82499a74514faccd17459ec121618229847; expires=Wed, 12-May-21 12:17:27 GMT; path=/; domain=.npmjs.org; HttpOnly; SameSite=Lax' ],
349 silly get     'cf-ray': '63ec64448fadee03-CDG',
349 silly get     age: '1142',
349 silly get     'cache-control': 'public, max-age=300',
349 silly get     etag: '"d5658de6fa079f413ba48b87da72e494"',
349 silly get     'last-modified': 'Thu, 08 Apr 2021 06:33:14 GMT',
349 silly get     vary: 'Accept-Encoding',
349 silly get     'cf-cache-status': 'HIT',
349 silly get     'cf-request-id': '09679cfed40000ee0331b0e000000001',
349 silly get     'expect-ct': 'max-age=604800, report-uri="https://report-uri.cloudflare.com/cdn-cgi/beacon/expect-ct"',
349 silly get     server: 'cloudflare' } ]
350 verbose etag https://registry.npmjs.org/caniuse-lite from cache
351 verbose get saving caniuse-lite to /home/nga/.npm/registry.npmjs.org/caniuse-lite/.cache.json
352 http 304 https://registry.npmjs.org/postcss-value-parser
353 verbose headers { date: 'Mon, 12 Apr 2021 12:17:27 GMT',
353 verbose headers   connection: 'keep-alive',
353 verbose headers   'set-cookie':
353 verbose headers    [ '__cfduid=daf0789f70ff92ce491f3e9c3725b9d821618229847; expires=Wed, 12-May-21 12:17:27 GMT; path=/; domain=.npmjs.org; HttpOnly; SameSite=Lax' ],
353 verbose headers   'cf-ray': '63ec64449c91ee13-CDG',
353 verbose headers   age: '2192',
353 verbose headers   'cache-control': 'public, max-age=300',
353 verbose headers   etag: '"ed949650f3ce96e09473b4f93ed363cd"',
353 verbose headers   'last-modified': 'Tue, 28 Apr 2020 14:11:57 GMT',
353 verbose headers   vary: 'Accept-Encoding',
353 verbose headers   'cf-cache-status': 'HIT',
353 verbose headers   'cf-request-id': '09679cfedf0000ee131c064000000001',
353 verbose headers   'expect-ct': 'max-age=604800, report-uri="https://report-uri.cloudflare.com/cdn-cgi/beacon/expect-ct"',
353 verbose headers   server: 'cloudflare' }
354 silly get cb [ 304,
354 silly get   { date: 'Mon, 12 Apr 2021 12:17:27 GMT',
354 silly get     connection: 'keep-alive',
354 silly get     'set-cookie':
354 silly get      [ '__cfduid=daf0789f70ff92ce491f3e9c3725b9d821618229847; expires=Wed, 12-May-21 12:17:27 GMT; path=/; domain=.npmjs.org; HttpOnly; SameSite=Lax' ],
354 silly get     'cf-ray': '63ec64449c91ee13-CDG',
354 silly get     age: '2192',
354 silly get     'cache-control': 'public, max-age=300',
354 silly get     etag: '"ed949650f3ce96e09473b4f93ed363cd"',
354 silly get     'last-modified': 'Tue, 28 Apr 2020 14:11:57 GMT',
354 silly get     vary: 'Accept-Encoding',
354 silly get     'cf-cache-status': 'HIT',
354 silly get     'cf-request-id': '09679cfedf0000ee131c064000000001',
354 silly get     'expect-ct': 'max-age=604800, report-uri="https://report-uri.cloudflare.com/cdn-cgi/beacon/expect-ct"',
354 silly get     server: 'cloudflare' } ]
355 verbose etag https://registry.npmjs.org/postcss-value-parser from cache
356 verbose get saving postcss-value-parser to /home/nga/.npm/registry.npmjs.org/postcss-value-parser/.cache.json
357 verbose get https://registry.npmjs.org/normalize-range not expired, no request
358 silly addNameRange number 2 { name: 'normalize-range',
358 silly addNameRange   range: '>=0.1.2 <0.2.0',
358 silly addNameRange   hasData: true }
359 silly addNameRange versions [ 'normalize-range', [ '0.1.0', '0.1.1', '0.1.2' ] ]
360 silly addNamed normalize-range@0.1.2
361 verbose addNamed "0.1.2" is a plain semver version for normalize-range
362 http 304 https://registry.npmjs.org/browserslist
363 verbose headers { date: 'Mon, 12 Apr 2021 12:17:27 GMT',
363 verbose headers   connection: 'keep-alive',
363 verbose headers   'set-cookie':
363 verbose headers    [ '__cfduid=dd457e6d312c7612d8577de1228da12d21618229847; expires=Wed, 12-May-21 12:17:27 GMT; path=/; domain=.npmjs.org; HttpOnly; SameSite=Lax' ],
363 verbose headers   'cf-ray': '63ec644489143317-CDG',
363 verbose headers   age: '4656',
363 verbose headers   'cache-control': 'public, max-age=300',
363 verbose headers   etag: '"c160e0c11bfc41e6b96fe007088d2d97"',
363 verbose headers   'last-modified': 'Mon, 12 Apr 2021 10:54:17 GMT',
363 verbose headers   vary: 'Accept-Encoding',
363 verbose headers   'cf-cache-status': 'HIT',
363 verbose headers   'cf-request-id': '09679cfed70000331735960000000001',
363 verbose headers   'expect-ct': 'max-age=604800, report-uri="https://report-uri.cloudflare.com/cdn-cgi/beacon/expect-ct"',
363 verbose headers   server: 'cloudflare' }
364 silly get cb [ 304,
364 silly get   { date: 'Mon, 12 Apr 2021 12:17:27 GMT',
364 silly get     connection: 'keep-alive',
364 silly get     'set-cookie':
364 silly get      [ '__cfduid=dd457e6d312c7612d8577de1228da12d21618229847; expires=Wed, 12-May-21 12:17:27 GMT; path=/; domain=.npmjs.org; HttpOnly; SameSite=Lax' ],
364 silly get     'cf-ray': '63ec644489143317-CDG',
364 silly get     age: '4656',
364 silly get     'cache-control': 'public, max-age=300',
364 silly get     etag: '"c160e0c11bfc41e6b96fe007088d2d97"',
364 silly get     'last-modified': 'Mon, 12 Apr 2021 10:54:17 GMT',
364 silly get     vary: 'Accept-Encoding',
364 silly get     'cf-cache-status': 'HIT',
364 silly get     'cf-request-id': '09679cfed70000331735960000000001',
364 silly get     'expect-ct': 'max-age=604800, report-uri="https://report-uri.cloudflare.com/cdn-cgi/beacon/expect-ct"',
364 silly get     server: 'cloudflare' } ]
365 verbose etag https://registry.npmjs.org/browserslist from cache
366 verbose get saving browserslist to /home/nga/.npm/registry.npmjs.org/browserslist/.cache.json
367 http 304 https://registry.npmjs.org/postcss
368 verbose headers { date: 'Mon, 12 Apr 2021 12:17:27 GMT',
368 verbose headers   connection: 'keep-alive',
368 verbose headers   'set-cookie':
368 verbose headers    [ '__cfduid=d4219b0e448247b949bf0f9a5469ca7d31618229847; expires=Wed, 12-May-21 12:17:27 GMT; path=/; domain=.npmjs.org; HttpOnly; SameSite=Lax' ],
368 verbose headers   'cf-ray': '63ec64449a83cdd3-CDG',
368 verbose headers   age: '3984',
368 verbose headers   'cache-control': 'public, max-age=300',
368 verbose headers   etag: '"5464bbea74827017e19e9aa97abf7eb5"',
368 verbose headers   'last-modified': 'Sun, 11 Apr 2021 16:37:28 GMT',
368 verbose headers   vary: 'Accept-Encoding',
368 verbose headers   'cf-cache-status': 'HIT',
368 verbose headers   'cf-request-id': '09679cfedf0000cdd3c5164000000001',
368 verbose headers   'expect-ct': 'max-age=604800, report-uri="https://report-uri.cloudflare.com/cdn-cgi/beacon/expect-ct"',
368 verbose headers   server: 'cloudflare' }
369 silly get cb [ 304,
369 silly get   { date: 'Mon, 12 Apr 2021 12:17:27 GMT',
369 silly get     connection: 'keep-alive',
369 silly get     'set-cookie':
369 silly get      [ '__cfduid=d4219b0e448247b949bf0f9a5469ca7d31618229847; expires=Wed, 12-May-21 12:17:27 GMT; path=/; domain=.npmjs.org; HttpOnly; SameSite=Lax' ],
369 silly get     'cf-ray': '63ec64449a83cdd3-CDG',
369 silly get     age: '3984',
369 silly get     'cache-control': 'public, max-age=300',
369 silly get     etag: '"5464bbea74827017e19e9aa97abf7eb5"',
369 silly get     'last-modified': 'Sun, 11 Apr 2021 16:37:28 GMT',
369 silly get     vary: 'Accept-Encoding',
369 silly get     'cf-cache-status': 'HIT',
369 silly get     'cf-request-id': '09679cfedf0000cdd3c5164000000001',
369 silly get     'expect-ct': 'max-age=604800, report-uri="https://report-uri.cloudflare.com/cdn-cgi/beacon/expect-ct"',
369 silly get     server: 'cloudflare' } ]
370 verbose etag https://registry.npmjs.org/postcss from cache
371 verbose get saving postcss to /home/nga/.npm/registry.npmjs.org/postcss/.cache.json
372 verbose get https://registry.npmjs.org/num2fraction not expired, no request
373 silly addNameRange number 2 { name: 'num2fraction', range: '>=1.2.2 <2.0.0', hasData: true }
374 silly addNameRange versions [ 'num2fraction',
374 silly addNameRange   [ '1.0.0', '1.0.1', '1.1.0', '1.2.0', '1.2.1', '1.2.2' ] ]
375 silly addNamed num2fraction@1.2.2
376 verbose addNamed "1.2.2" is a plain semver version for num2fraction
377 silly cache afterAdd normalize-range@0.1.2
378 verbose afterAdd /home/nga/.npm/normalize-range/0.1.2/package/package.json not in flight; writing
379 silly resolveWithNewModule caniuse-lite@1.0.30001208 checking installable status
380 silly cache add args [ 'caniuse-lite@^1.0.30001109', null ]
381 verbose cache add spec caniuse-lite@^1.0.30001109
382 silly cache add parsed spec Result {
382 silly cache add   raw: 'caniuse-lite@^1.0.30001109',
382 silly cache add   scope: null,
382 silly cache add   name: 'caniuse-lite',
382 silly cache add   rawSpec: '^1.0.30001109',
382 silly cache add   spec: '>=1.0.30001109 <2.0.0',
382 silly cache add   type: 'range' }
383 silly addNamed caniuse-lite@>=1.0.30001109 <2.0.0
384 verbose addNamed ">=1.0.30001109 <2.0.0" is a valid semver range for caniuse-lite
385 silly addNameRange { name: 'caniuse-lite',
385 silly addNameRange   range: '>=1.0.30001109 <2.0.0',
385 silly addNameRange   hasData: false }
386 silly mapToRegistry name caniuse-lite
387 silly mapToRegistry using default registry
388 silly mapToRegistry registry https://registry.npmjs.org/
389 silly mapToRegistry uri https://registry.npmjs.org/caniuse-lite
390 verbose addNameRange registry:https://registry.npmjs.org/caniuse-lite not in flight; fetching
391 silly resolveWithNewModule postcss-value-parser@4.1.0 checking installable status
392 silly cache add args [ 'postcss-value-parser@^4.1.0', null ]
393 verbose cache add spec postcss-value-parser@^4.1.0
394 silly cache add parsed spec Result {
394 silly cache add   raw: 'postcss-value-parser@^4.1.0',
394 silly cache add   scope: null,
394 silly cache add   name: 'postcss-value-parser',
394 silly cache add   rawSpec: '^4.1.0',
394 silly cache add   spec: '>=4.1.0 <5.0.0',
394 silly cache add   type: 'range' }
395 silly addNamed postcss-value-parser@>=4.1.0 <5.0.0
396 verbose addNamed ">=4.1.0 <5.0.0" is a valid semver range for postcss-value-parser
397 silly addNameRange { name: 'postcss-value-parser',
397 silly addNameRange   range: '>=4.1.0 <5.0.0',
397 silly addNameRange   hasData: false }
398 silly mapToRegistry name postcss-value-parser
399 silly mapToRegistry using default registry
400 silly mapToRegistry registry https://registry.npmjs.org/
401 silly mapToRegistry uri https://registry.npmjs.org/postcss-value-parser
402 verbose addNameRange registry:https://registry.npmjs.org/postcss-value-parser not in flight; fetching
403 silly cache afterAdd num2fraction@1.2.2
404 verbose afterAdd /home/nga/.npm/num2fraction/1.2.2/package/package.json not in flight; writing
405 silly resolveWithNewModule browserslist@4.16.4 checking installable status
406 silly cache add args [ 'browserslist@^4.12.0', null ]
407 verbose cache add spec browserslist@^4.12.0
408 silly cache add parsed spec Result {
408 silly cache add   raw: 'browserslist@^4.12.0',
408 silly cache add   scope: null,
408 silly cache add   name: 'browserslist',
408 silly cache add   rawSpec: '^4.12.0',
408 silly cache add   spec: '>=4.12.0 <5.0.0',
408 silly cache add   type: 'range' }
409 silly addNamed browserslist@>=4.12.0 <5.0.0
410 verbose addNamed ">=4.12.0 <5.0.0" is a valid semver range for browserslist
411 silly addNameRange { name: 'browserslist',
411 silly addNameRange   range: '>=4.12.0 <5.0.0',
411 silly addNameRange   hasData: false }
412 silly mapToRegistry name browserslist
413 silly mapToRegistry using default registry
414 silly mapToRegistry registry https://registry.npmjs.org/
415 silly mapToRegistry uri https://registry.npmjs.org/browserslist
416 verbose addNameRange registry:https://registry.npmjs.org/browserslist not in flight; fetching
417 silly resolveWithNewModule postcss@7.0.35 checking installable status
418 silly cache add args [ 'postcss@^7.0.32', null ]
419 verbose cache add spec postcss@^7.0.32
420 silly cache add parsed spec Result {
420 silly cache add   raw: 'postcss@^7.0.32',
420 silly cache add   scope: null,
420 silly cache add   name: 'postcss',
420 silly cache add   rawSpec: '^7.0.32',
420 silly cache add   spec: '>=7.0.32 <8.0.0',
420 silly cache add   type: 'range' }
421 silly addNamed postcss@>=7.0.32 <8.0.0
422 verbose addNamed ">=7.0.32 <8.0.0" is a valid semver range for postcss
423 silly addNameRange { name: 'postcss', range: '>=7.0.32 <8.0.0', hasData: false }
424 silly mapToRegistry name postcss
425 silly mapToRegistry using default registry
426 silly mapToRegistry registry https://registry.npmjs.org/
427 silly mapToRegistry uri https://registry.npmjs.org/postcss
428 verbose addNameRange registry:https://registry.npmjs.org/postcss not in flight; fetching
429 verbose afterAdd /home/nga/.npm/normalize-range/0.1.2/package/package.json written
430 verbose get https://registry.npmjs.org/caniuse-lite not expired, no request
431 silly addNameRange number 2 { name: 'caniuse-lite',
431 silly addNameRange   range: '>=1.0.30001109 <2.0.0',
431 silly addNameRange   hasData: true }
432 silly addNameRange versions [ 'caniuse-lite',
432 silly addNameRange   [ '0.1.0',
432 silly addNameRange     '0.2.0',
432 silly addNameRange     '0.3.0',
432 silly addNameRange     '1.0.30000655',
432 silly addNameRange     '1.0.30000656',
432 silly addNameRange     '1.0.30000657',
432 silly addNameRange     '1.0.30000659',
432 silly addNameRange     '1.0.30000660',
432 silly addNameRange     '1.0.30000661',
432 silly addNameRange     '1.0.30000662',
432 silly addNameRange     '1.0.30000663',
432 silly addNameRange     '1.0.30000664',
432 silly addNameRange     '1.0.30000665',
432 silly addNameRange     '1.0.30000666',
432 silly addNameRange     '1.0.30000667',
432 silly addNameRange     '1.0.30000668',
432 silly addNameRange     '1.0.30000669',
432 silly addNameRange     '1.0.30000670',
432 silly addNameRange     '1.0.30000671',
432 silly addNameRange     '1.0.30000672',
432 silly addNameRange     '1.0.30000673',
432 silly addNameRange     '1.0.30000674',
432 silly addNameRange     '1.0.30000676',
432 silly addNameRange     '1.0.30000677',
432 silly addNameRange     '1.0.30000679',
432 silly addNameRange     '1.0.30000680',
432 silly addNameRange     '1.0.30000683',
432 silly addNameRange     '1.0.30000684',
432 silly addNameRange     '1.0.30000686',
432 silly addNameRange     '1.0.30000687',
432 silly addNameRange     '1.0.30000688',
432 silly addNameRange     '1.0.30000689',
432 silly addNameRange     '1.0.30000690',
432 silly addNameRange     '1.0.30000692',
432 silly addNameRange     '1.0.30000693',
432 silly addNameRange     '1.0.30000694',
432 silly addNameRange     '1.0.30000695',
432 silly addNameRange     '1.0.30000696',
432 silly addNameRange     '1.0.30000697',
432 silly addNameRange     '1.0.30000698',
432 silly addNameRange     '1.0.30000699',
432 silly addNameRange     '1.0.30000700',
432 silly addNameRange     '1.0.30000701',
432 silly addNameRange     '1.0.30000702',
432 silly addNameRange     '1.0.30000703',
432 silly addNameRange     '1.0.30000704',
432 silly addNameRange     '1.0.30000706',
432 silly addNameRange     '1.0.30000708',
432 silly addNameRange     '1.0.30000709',
432 silly addNameRange     '1.0.30000710',
432 silly addNameRange     '1.0.30000711',
432 silly addNameRange     '1.0.30000712',
432 silly addNameRange     '1.0.30000713',
432 silly addNameRange     '1.0.30000714',
432 silly addNameRange     '1.0.30000715',
432 silly addNameRange     '1.0.30000716',
432 silly addNameRange     '1.0.30000717',
432 silly addNameRange     '1.0.30000718',
432 silly addNameRange     '1.0.30000720',
432 silly addNameRange     '1.0.30000721',
432 silly addNameRange     '1.0.30000722',
432 silly addNameRange     '1.0.30000723',
432 silly addNameRange     '1.0.30000724',
432 silly addNameRange     '1.0.30000725',
432 silly addNameRange     '1.0.30000726',
432 silly addNameRange     '1.0.30000727',
432 silly addNameRange     '1.0.30000730',
432 silly addNameRange     '1.0.30000731',
432 silly addNameRange     '1.0.30000732',
432 silly addNameRange     '1.0.30000733',
432 silly addNameRange     '1.0.30000734',
432 silly addNameRange     '1.0.30000735',
432 silly addNameRange     '1.0.30000736',
432 silly addNameRange     '1.0.30000737',
432 silly addNameRange     '1.0.30000738',
432 silly addNameRange     '1.0.30000739',
432 silly addNameRange     '1.0.30000740',
432 silly addNameRange     '1.0.30000741',
432 silly addNameRange     '1.0.30000742',
432 silly addNameRange     '1.0.30000743',
432 silly addNameRange     '1.0.30000744',
432 silly addNameRange     '1.0.30000745',
432 silly addNameRange     '1.0.30000746',
432 silly addNameRange     '1.0.30000747',
432 silly addNameRange     '1.0.30000748',
432 silly addNameRange     '1.0.30000749',
432 silly addNameRange     '1.0.30000750',
432 silly addNameRange     '1.0.30000751',
432 silly addNameRange     '1.0.30000752',
432 silly addNameRange     '1.0.30000753',
432 silly addNameRange     '1.0.30000755',
432 silly addNameRange     '1.0.30000756',
432 silly addNameRange     '1.0.30000757',
432 silly addNameRange     '1.0.30000758',
432 silly addNameRange     '1.0.30000760',
432 silly addNameRange     '1.0.30000762',
432 silly addNameRange     '1.0.30000764',
432 silly addNameRange     '1.0.30000765',
432 silly addNameRange     '1.0.30000766',
432 silly addNameRange     '1.0.30000769',
432 silly addNameRange     ... 349 more items ] ]
433 silly addNamed caniuse-lite@1.0.30001208
434 verbose addNamed "1.0.30001208" is a plain semver version for caniuse-lite
435 verbose get https://registry.npmjs.org/postcss-value-parser not expired, no request
436 silly addNameRange number 2 { name: 'postcss-value-parser',
436 silly addNameRange   range: '>=4.1.0 <5.0.0',
436 silly addNameRange   hasData: true }
437 silly addNameRange versions [ 'postcss-value-parser',
437 silly addNameRange   [ '1.0.0',
437 silly addNameRange     '1.0.1',
437 silly addNameRange     '1.0.2',
437 silly addNameRange     '1.1.0',
437 silly addNameRange     '1.2.0',
437 silly addNameRange     '1.2.1',
437 silly addNameRange     '1.2.2',
437 silly addNameRange     '1.3.0',
437 silly addNameRange     '1.4.0',
437 silly addNameRange     '1.4.1',
437 silly addNameRange     '1.4.2',
437 silly addNameRange     '2.0.0',
437 silly addNameRange     '2.0.1',
437 silly addNameRange     '2.0.2',
437 silly addNameRange     '2.0.3',
437 silly addNameRange     '2.0.4',
437 silly addNameRange     '2.0.5',
437 silly addNameRange     '3.0.0',
437 silly addNameRange     '3.0.1',
437 silly addNameRange     '3.0.2',
437 silly addNameRange     '3.0.3',
437 silly addNameRange     '3.1.0',
437 silly addNameRange     '3.1.1',
437 silly addNameRange     '3.1.2',
437 silly addNameRange     '3.1.3',
437 silly addNameRange     '3.2.0',
437 silly addNameRange     '3.2.1',
437 silly addNameRange     '3.2.3',
437 silly addNameRange     '3.3.0',
437 silly addNameRange     '3.3.1',
437 silly addNameRange     '4.0.0',
437 silly addNameRange     '4.0.1',
437 silly addNameRange     '4.0.2',
437 silly addNameRange     '4.0.3',
437 silly addNameRange     '4.1.0' ] ]
438 silly addNamed postcss-value-parser@4.1.0
439 verbose addNamed "4.1.0" is a plain semver version for postcss-value-parser
440 verbose afterAdd /home/nga/.npm/num2fraction/1.2.2/package/package.json written
441 verbose get https://registry.npmjs.org/browserslist not expired, no request
442 silly addNameRange number 2 { name: 'browserslist', range: '>=4.12.0 <5.0.0', hasData: true }
443 silly addNameRange versions [ 'browserslist',
443 silly addNameRange   [ '0.1.0',
443 silly addNameRange     '0.1.1',
443 silly addNameRange     '0.1.2',
443 silly addNameRange     '0.1.3',
443 silly addNameRange     '0.2.0',
443 silly addNameRange     '0.3.0',
443 silly addNameRange     '0.3.1',
443 silly addNameRange     '0.3.2',
443 silly addNameRange     '0.3.3',
443 silly addNameRange     '0.4.0',
443 silly addNameRange     '0.5.0',
443 silly addNameRange     '1.0.0',
443 silly addNameRange     '1.0.1',
443 silly addNameRange     '1.1.0',
443 silly addNameRange     '1.1.1',
443 silly addNameRange     '1.1.2',
443 silly addNameRange     '1.1.3',
443 silly addNameRange     '1.2.0',
443 silly addNameRange     '1.3.0',
443 silly addNameRange     '1.3.1',
443 silly addNameRange     '1.3.2',
443 silly addNameRange     '1.3.3',
443 silly addNameRange     '1.3.4',
443 silly addNameRange     '1.3.5',
443 silly addNameRange     '1.3.6',
443 silly addNameRange     '1.4.0',
443 silly addNameRange     '1.5.0',
443 silly addNameRange     '1.5.1',
443 silly addNameRange     '1.5.2',
443 silly addNameRange     '1.6.0',
443 silly addNameRange     '1.7.0',
443 silly addNameRange     '1.7.1',
443 silly addNameRange     '1.7.2',
443 silly addNameRange     '1.7.3',
443 silly addNameRange     '1.7.4',
443 silly addNameRange     '1.7.5',
443 silly addNameRange     '1.7.6',
443 silly addNameRange     '1.7.7',
443 silly addNameRange     '2.0.0',
443 silly addNameRange     '2.1.0',
443 silly addNameRange     '2.1.1',
443 silly addNameRange     '2.1.2',
443 silly addNameRange     '2.1.3',
443 silly addNameRange     '2.1.4',
443 silly addNameRange     '2.1.5',
443 silly addNameRange     '2.2.0',
443 silly addNameRange     '2.2.1',
443 silly addNameRange     '2.2.2',
443 silly addNameRange     '2.3.0',
443 silly addNameRange     '2.3.1',
443 silly addNameRange     '2.3.2',
443 silly addNameRange     '2.3.3',
443 silly addNameRange     '2.4.0',
443 silly addNameRange     '2.5.0',
443 silly addNameRange     '2.5.1',
443 silly addNameRange     '2.6.0',
443 silly addNameRange     '2.6.1',
443 silly addNameRange     '2.7.0',
443 silly addNameRange     '2.8.0',
443 silly addNameRange     '2.9.0',
443 silly addNameRange     '2.9.1',
443 silly addNameRange     '2.10.0',
443 silly addNameRange     '2.10.1',
443 silly addNameRange     '2.10.2',
443 silly addNameRange     '2.11.0',
443 silly addNameRange     '2.11.1',
443 silly addNameRange     '2.11.2',
443 silly addNameRange     '2.11.3',
443 silly addNameRange     '3.0.0',
443 silly addNameRange     '3.1.0',
443 silly addNameRange     '3.1.1',
443 silly addNameRange     '3.1.2',
443 silly addNameRange     '3.2.0',
443 silly addNameRange     '3.2.1',
443 silly addNameRange     '3.2.2',
443 silly addNameRange     '3.2.3',
443 silly addNameRange     '3.2.4',
443 silly addNameRange     '3.2.5',
443 silly addNameRange     '3.2.6',
443 silly addNameRange     '3.2.7',
443 silly addNameRange     '3.2.8',
443 silly addNameRange     '4.0.0',
443 silly addNameRange     '4.0.1',
443 silly addNameRange     '4.0.2',
443 silly addNameRange     '4.1.0',
443 silly addNameRange     '4.1.1',
443 silly addNameRange     '4.1.2',
443 silly addNameRange     '4.2.0',
443 silly addNameRange     '4.2.1',
443 silly addNameRange     '4.3.0',
443 silly addNameRange     '4.3.1',
443 silly addNameRange     '4.3.2',
443 silly addNameRange     '4.3.3',
443 silly addNameRange     '4.3.4',
443 silly addNameRange     '4.3.5',
443 silly addNameRange     '4.3.6',
443 silly addNameRange     '4.3.7',
443 silly addNameRange     '4.4.0',
443 silly addNameRange     '4.4.1',
443 silly addNameRange     '4.4.2',
443 silly addNameRange     ... 49 more items ] ]
444 silly addNamed browserslist@4.16.4
445 verbose addNamed "4.16.4" is a plain semver version for browserslist
446 verbose get https://registry.npmjs.org/postcss not expired, no request
447 silly addNameRange number 2 { name: 'postcss', range: '>=7.0.32 <8.0.0', hasData: true }
448 silly addNameRange versions [ 'postcss',
448 silly addNameRange   [ '0.1.0',
448 silly addNameRange     '0.2.0',
448 silly addNameRange     '0.3.0',
448 silly addNameRange     '0.3.1',
448 silly addNameRange     '0.3.2',
448 silly addNameRange     '0.3.3',
448 silly addNameRange     '0.3.4',
448 silly addNameRange     '0.3.5',
448 silly addNameRange     '1.0.0',
448 silly addNameRange     '2.0.0',
448 silly addNameRange     '2.1.0',
448 silly addNameRange     '2.1.1',
448 silly addNameRange     '2.1.2',
448 silly addNameRange     '2.2.0',
448 silly addNameRange     '2.2.1',
448 silly addNameRange     '2.2.2',
448 silly addNameRange     '2.2.3',
448 silly addNameRange     '2.2.4',
448 silly addNameRange     '2.2.5',
448 silly addNameRange     '2.2.6',
448 silly addNameRange     '3.0.0',
448 silly addNameRange     '3.0.1',
448 silly addNameRange     '3.0.2',
448 silly addNameRange     '3.0.3',
448 silly addNameRange     '3.0.4',
448 silly addNameRange     '3.0.5',
448 silly addNameRange     '3.0.6',
448 silly addNameRange     '3.0.7',
448 silly addNameRange     '4.0.0',
448 silly addNameRange     '4.0.1',
448 silly addNameRange     '4.0.2',
448 silly addNameRange     '4.0.3',
448 silly addNameRange     '4.0.4',
448 silly addNameRange     '4.0.5',
448 silly addNameRange     '4.0.6',
448 silly addNameRange     '4.1.0',
448 silly addNameRange     '4.1.1',
448 silly addNameRange     '4.1.2',
448 silly addNameRange     '4.1.3',
448 silly addNameRange     '4.1.4',
448 silly addNameRange     '4.1.5',
448 silly addNameRange     '4.1.6',
448 silly addNameRange     '4.1.7',
448 silly addNameRange     '4.1.8',
448 silly addNameRange     '4.1.9',
448 silly addNameRange     '4.1.10',
448 silly addNameRange     '4.1.11',
448 silly addNameRange     '4.1.12',
448 silly addNameRange     '4.1.13',
448 silly addNameRange     '4.1.14',
448 silly addNameRange     '4.1.15',
448 silly addNameRange     '4.1.16',
448 silly addNameRange     '5.0.0',
448 silly addNameRange     '5.0.1',
448 silly addNameRange     '5.0.2',
448 silly addNameRange     '5.0.3',
448 silly addNameRange     '5.0.4',
448 silly addNameRange     '5.0.5',
448 silly addNameRange     '5.0.6',
448 silly addNameRange     '5.0.7',
448 silly addNameRange     '5.0.8',
448 silly addNameRange     '5.0.9',
448 silly addNameRange     '5.0.10',
448 silly addNameRange     '5.0.11',
448 silly addNameRange     '5.0.12',
448 silly addNameRange     '5.0.13',
448 silly addNameRange     '5.0.14',
448 silly addNameRange     '5.0.15',
448 silly addNameRange     '5.0.16',
448 silly addNameRange     '5.0.17',
448 silly addNameRange     '5.0.18',
448 silly addNameRange     '5.0.19',
448 silly addNameRange     '5.0.20',
448 silly addNameRange     '5.0.21',
448 silly addNameRange     '5.1.0',
448 silly addNameRange     '5.1.1',
448 silly addNameRange     '5.1.2',
448 silly addNameRange     '5.2.0',
448 silly addNameRange     '5.2.1',
448 silly addNameRange     '5.2.2',
448 silly addNameRange     '5.2.3',
448 silly addNameRange     '5.2.4',
448 silly addNameRange     '5.2.5',
448 silly addNameRange     '5.2.6',
448 silly addNameRange     '5.2.7',
448 silly addNameRange     '5.2.8',
448 silly addNameRange     '5.2.9',
448 silly addNameRange     '5.2.10',
448 silly addNameRange     '5.2.11',
448 silly addNameRange     '5.2.12',
448 silly addNameRange     '5.2.13',
448 silly addNameRange     '5.2.14',
448 silly addNameRange     '5.2.15',
448 silly addNameRange     '5.2.16',
448 silly addNameRange     '5.2.17',
448 silly addNameRange     '6.0.0',
448 silly addNameRange     '6.0.1',
448 silly addNameRange     '6.0.2',
448 silly addNameRange     '6.0.3',
448 silly addNameRange     '6.0.4',
448 silly addNameRange     ... 92 more items ] ]
449 silly addNamed postcss@7.0.35
450 verbose addNamed "7.0.35" is a plain semver version for postcss
451 silly cache afterAdd caniuse-lite@1.0.30001208
452 verbose afterAdd /home/nga/.npm/caniuse-lite/1.0.30001208/package/package.json not in flight; writing
453 silly cache afterAdd postcss-value-parser@4.1.0
454 verbose afterAdd /home/nga/.npm/postcss-value-parser/4.1.0/package/package.json not in flight; writing
455 silly cache afterAdd postcss@7.0.35
456 verbose afterAdd /home/nga/.npm/postcss/7.0.35/package/package.json not in flight; writing
457 silly cache afterAdd browserslist@4.16.4
458 verbose afterAdd /home/nga/.npm/browserslist/4.16.4/package/package.json not in flight; writing
459 verbose afterAdd /home/nga/.npm/caniuse-lite/1.0.30001208/package/package.json written
460 verbose afterAdd /home/nga/.npm/postcss-value-parser/4.1.0/package/package.json written
461 verbose afterAdd /home/nga/.npm/postcss/7.0.35/package/package.json written
462 verbose afterAdd /home/nga/.npm/browserslist/4.16.4/package/package.json written
463 http 304 https://registry.npmjs.org/colorette
464 verbose headers { date: 'Mon, 12 Apr 2021 12:17:28 GMT',
464 verbose headers   connection: 'keep-alive',
464 verbose headers   'set-cookie':
464 verbose headers    [ '__cfduid=d81434d9f4e060ce904e482a7e816febc1618229847; expires=Wed, 12-May-21 12:17:27 GMT; path=/; domain=.npmjs.org; HttpOnly; SameSite=Lax' ],
464 verbose headers   'cf-ray': '63ec64448edfcd7b-CDG',
464 verbose headers   age: '3197',
464 verbose headers   'cache-control': 'public, max-age=300',
464 verbose headers   etag: '"d20221ddc12b16eab88f23524eade178"',
464 verbose headers   'last-modified': 'Thu, 25 Feb 2021 13:26:18 GMT',
464 verbose headers   vary: 'Accept-Encoding',
464 verbose headers   'cf-cache-status': 'HIT',
464 verbose headers   'cf-request-id': '09679cfed50000cd7ba70af000000001',
464 verbose headers   'expect-ct': 'max-age=604800, report-uri="https://report-uri.cloudflare.com/cdn-cgi/beacon/expect-ct"',
464 verbose headers   server: 'cloudflare' }
465 silly get cb [ 304,
465 silly get   { date: 'Mon, 12 Apr 2021 12:17:28 GMT',
465 silly get     connection: 'keep-alive',
465 silly get     'set-cookie':
465 silly get      [ '__cfduid=d81434d9f4e060ce904e482a7e816febc1618229847; expires=Wed, 12-May-21 12:17:27 GMT; path=/; domain=.npmjs.org; HttpOnly; SameSite=Lax' ],
465 silly get     'cf-ray': '63ec64448edfcd7b-CDG',
465 silly get     age: '3197',
465 silly get     'cache-control': 'public, max-age=300',
465 silly get     etag: '"d20221ddc12b16eab88f23524eade178"',
465 silly get     'last-modified': 'Thu, 25 Feb 2021 13:26:18 GMT',
465 silly get     vary: 'Accept-Encoding',
465 silly get     'cf-cache-status': 'HIT',
465 silly get     'cf-request-id': '09679cfed50000cd7ba70af000000001',
465 silly get     'expect-ct': 'max-age=604800, report-uri="https://report-uri.cloudflare.com/cdn-cgi/beacon/expect-ct"',
465 silly get     server: 'cloudflare' } ]
466 verbose etag https://registry.npmjs.org/colorette from cache
467 verbose get saving colorette to /home/nga/.npm/registry.npmjs.org/colorette/.cache.json
468 verbose stack Error: Missing required argument #1
468 verbose stack     at andLogAndFinish (/usr/share/npm/lib/fetch-package-metadata.js:31:3)
468 verbose stack     at fetchPackageMetadata (/usr/share/npm/lib/fetch-package-metadata.js:51:22)
468 verbose stack     at resolveWithNewModule (/usr/share/npm/lib/install/deps.js:456:12)
468 verbose stack     at /usr/share/npm/lib/install/deps.js:457:7
468 verbose stack     at /usr/share/npm/node_modules/iferr/index.js:13:50
468 verbose stack     at /usr/share/npm/lib/fetch-package-metadata.js:37:12
468 verbose stack     at addRequestedAndFinish (/usr/share/npm/lib/fetch-package-metadata.js:82:5)
468 verbose stack     at returnAndAddMetadata (/usr/share/npm/lib/fetch-package-metadata.js:117:7)
468 verbose stack     at pickVersionFromRegistryDocument (/usr/share/npm/lib/fetch-package-metadata.js:134:20)
468 verbose stack     at /usr/share/npm/node_modules/iferr/index.js:13:50
469 verbose cwd /var/www/html/omeka-s/themes/default
470 error Linux 5.4.0-70-generic
471 error argv "/usr/bin/node" "/usr/bin/npm" "install"
472 error node v8.10.0
473 error npm  v3.5.2
474 error code EMISSINGARG
475 error typeerror Error: Missing required argument #1
475 error typeerror     at andLogAndFinish (/usr/share/npm/lib/fetch-package-metadata.js:31:3)
475 error typeerror     at fetchPackageMetadata (/usr/share/npm/lib/fetch-package-metadata.js:51:22)
475 error typeerror     at resolveWithNewModule (/usr/share/npm/lib/install/deps.js:456:12)
475 error typeerror     at /usr/share/npm/lib/install/deps.js:457:7
475 error typeerror     at /usr/share/npm/node_modules/iferr/index.js:13:50
475 error typeerror     at /usr/share/npm/lib/fetch-package-metadata.js:37:12
475 error typeerror     at addRequestedAndFinish (/usr/share/npm/lib/fetch-package-metadata.js:82:5)
475 error typeerror     at returnAndAddMetadata (/usr/share/npm/lib/fetch-package-metadata.js:117:7)
475 error typeerror     at pickVersionFromRegistryDocument (/usr/share/npm/lib/fetch-package-metadata.js:134:20)
475 error typeerror     at /usr/share/npm/node_modules/iferr/index.js:13:50
476 error typeerror This is an error with npm itself. Please report this error at:
476 error typeerror     <http://github.com/npm/npm/issues>
477 verbose exit [ 1, true ]
